<?xml version="1.0" encoding="UTF-8"?>
<testng-results skipped="0" failed="4" ignored="0" total="19" passed="15">
  <reporter-output>
  </reporter-output>
  <suite name="Surefire suite" duration-ms="292505" started-at="2023-02-06T19:19:36 EET" finished-at="2023-02-06T19:24:29 EET">
    <groups>
      <group name="cucumber">
        <method signature="AbstractTestNGCucumberTests.runScenario(io.cucumber.testng.PickleWrapper,io.cucumber.testng.FeatureWrapper)[pri:0, instance:org.example.TestRunner.Runners@491cc5c9]" name="runScenario" class="io.cucumber.testng.AbstractTestNGCucumberTests"/>
      </group> <!-- cucumber -->
    </groups>
    <test name="Surefire test" duration-ms="292505" started-at="2023-02-06T19:19:36 EET" finished-at="2023-02-06T19:24:29 EET">
      <class name="org.example.TestRunner.Runners">
        <test-method status="PASS" signature="setUpClass(org.testng.ITestContext)[pri:0, instance:org.example.TestRunner.Runners@491cc5c9]" name="setUpClass" is-config="true" duration-ms="1036" started-at="2023-02-06T19:19:36 EET" finished-at="2023-02-06T19:19:37 EET">
          <params>
            <param index="0">
              <value>
                <![CDATA[org.testng.TestRunner@3f3c5ecd]]>
              </value>
            </param>
          </params>
          <reporter-output>
          </reporter-output>
        </test-method> <!-- setUpClass -->
        <test-method status="PASS" signature="runScenario(io.cucumber.testng.PickleWrapper,io.cucumber.testng.FeatureWrapper)[pri:0, instance:org.example.TestRunner.Runners@491cc5c9]" name="runScenario" duration-ms="13346" started-at="2023-02-06T19:19:37 EET" description="Runs Cucumber Scenarios" data-provider="scenarios" finished-at="2023-02-06T19:19:51 EET">
          <params>
            <param index="0">
              <value>
                <![CDATA["verify Euro Symbol (€) is shown on the 4 products displayed in Home page"]]>
              </value>
            </param>
            <param index="1">
              <value>
                <![CDATA["Currencies | verify Euro Symbol (€) is shown on the 4 products displayed in Home page"]]>
              </value>
            </param>
          </params>
          <reporter-output>
          </reporter-output>
        </test-method> <!-- runScenario -->
        <test-method status="PASS" signature="runScenario(io.cucumber.testng.PickleWrapper,io.cucumber.testng.FeatureWrapper)[pri:0, instance:org.example.TestRunner.Runners@491cc5c9]" name="runScenario" duration-ms="13578" started-at="2023-02-06T19:19:51 EET" description="Runs Cucumber Scenarios" data-provider="scenarios" finished-at="2023-02-06T19:20:04 EET">
          <params>
            <param index="0">
              <value>
                <![CDATA["user opens facebook link"]]>
              </value>
            </param>
            <param index="1">
              <value>
                <![CDATA["FollowUs | users could open followUs links"]]>
              </value>
            </param>
          </params>
          <reporter-output>
          </reporter-output>
        </test-method> <!-- runScenario -->
        <test-method status="PASS" signature="runScenario(io.cucumber.testng.PickleWrapper,io.cucumber.testng.FeatureWrapper)[pri:0, instance:org.example.TestRunner.Runners@491cc5c9]" name="runScenario" duration-ms="31463" started-at="2023-02-06T19:20:04 EET" description="Runs Cucumber Scenarios" data-provider="scenarios" finished-at="2023-02-06T19:20:36 EET">
          <params>
            <param index="0">
              <value>
                <![CDATA["user opens twitter link"]]>
              </value>
            </param>
            <param index="1">
              <value>
                <![CDATA["FollowUs | users could open followUs links"]]>
              </value>
            </param>
          </params>
          <reporter-output>
          </reporter-output>
        </test-method> <!-- runScenario -->
        <test-method status="FAIL" signature="runScenario(io.cucumber.testng.PickleWrapper,io.cucumber.testng.FeatureWrapper)[pri:0, instance:org.example.TestRunner.Runners@491cc5c9]" name="runScenario" duration-ms="8681" started-at="2023-02-06T19:20:36 EET" description="Runs Cucumber Scenarios" data-provider="scenarios" finished-at="2023-02-06T19:20:44 EET">
          <params>
            <param index="0">
              <value>
                <![CDATA["user opens rss link"]]>
              </value>
            </param>
            <param index="1">
              <value>
                <![CDATA["FollowUs | users could open followUs links"]]>
              </value>
            </param>
          </params>
          <exception class="java.lang.AssertionError">
            <message>
              <![CDATA[expected [https://demo.nopcommerce.com/new-online-store-is-open] but found [null]]]>
            </message>
            <full-stacktrace>
              <![CDATA[java.lang.AssertionError: expected [https://demo.nopcommerce.com/new-online-store-is-open] but found [null]
at org.testng.Assert.fail(Assert.java:110)
at org.testng.Assert.failNotEquals(Assert.java:1413)
at org.testng.Assert.assertEqualsImpl(Assert.java:149)
at org.testng.Assert.assertEquals(Assert.java:131)
at org.testng.Assert.assertEquals(Assert.java:655)
at org.testng.Assert.assertEquals(Assert.java:665)
at org.example.StepsDefinitions.FollowUsStepDefintion.RSSPage(FollowUsStepDefintion.java:46)
at ✽.Verify That current url is equal to "https://demo.nopcommerce.com/new-online-store-is-open"(file:///C:/Users/DELL/IdeaProjects/DemoNopCommerce/src/main/resources/Features/FollowUs.feature:13)
]]>
            </full-stacktrace>
          </exception> <!-- java.lang.AssertionError -->
          <reporter-output>
          </reporter-output>
        </test-method> <!-- runScenario -->
        <test-method status="PASS" signature="runScenario(io.cucumber.testng.PickleWrapper,io.cucumber.testng.FeatureWrapper)[pri:0, instance:org.example.TestRunner.Runners@491cc5c9]" name="runScenario" duration-ms="15491" started-at="2023-02-06T19:20:44 EET" description="Runs Cucumber Scenarios" data-provider="scenarios" finished-at="2023-02-06T19:21:00 EET">
          <params>
            <param index="0">
              <value>
                <![CDATA["user opens youtube link"]]>
              </value>
            </param>
            <param index="1">
              <value>
                <![CDATA["FollowUs | users could open followUs links"]]>
              </value>
            </param>
          </params>
          <reporter-output>
          </reporter-output>
        </test-method> <!-- runScenario -->
        <test-method status="PASS" signature="runScenario(io.cucumber.testng.PickleWrapper,io.cucumber.testng.FeatureWrapper)[pri:0, instance:org.example.TestRunner.Runners@491cc5c9]" name="runScenario" duration-ms="8493" started-at="2023-02-06T19:21:00 EET" description="Runs Cucumber Scenarios" data-provider="scenarios" finished-at="2023-02-06T19:21:08 EET">
          <params>
            <param index="0">
              <value>
                <![CDATA["User logins in with valid email and valid password"]]>
              </value>
            </param>
            <param index="1">
              <value>
                <![CDATA["Login | User could use login functionality to use his account"]]>
              </value>
            </param>
          </params>
          <reporter-output>
          </reporter-output>
        </test-method> <!-- runScenario -->
        <test-method status="PASS" signature="runScenario(io.cucumber.testng.PickleWrapper,io.cucumber.testng.FeatureWrapper)[pri:0, instance:org.example.TestRunner.Runners@491cc5c9]" name="runScenario" duration-ms="7854" started-at="2023-02-06T19:21:08 EET" description="Runs Cucumber Scenarios" data-provider="scenarios" finished-at="2023-02-06T19:21:16 EET">
          <params>
            <param index="0">
              <value>
                <![CDATA["User Logins with invalid email and password"]]>
              </value>
            </param>
            <param index="1">
              <value>
                <![CDATA["Login | User could use login functionality to use his account"]]>
              </value>
            </param>
          </params>
          <reporter-output>
          </reporter-output>
        </test-method> <!-- runScenario -->
        <test-method status="PASS" signature="runScenario(io.cucumber.testng.PickleWrapper,io.cucumber.testng.FeatureWrapper)[pri:0, instance:org.example.TestRunner.Runners@491cc5c9]" name="runScenario" duration-ms="8965" started-at="2023-02-06T19:21:16 EET" description="Runs Cucumber Scenarios" data-provider="scenarios" finished-at="2023-02-06T19:21:25 EET">
          <params>
            <param index="0">
              <value>
                <![CDATA["User could register with valid data successfully"]]>
              </value>
            </param>
            <param index="1">
              <value>
                <![CDATA["Register | Users could register with new accounts"]]>
              </value>
            </param>
          </params>
          <reporter-output>
          </reporter-output>
        </test-method> <!-- runScenario -->
        <test-method status="FAIL" signature="runScenario(io.cucumber.testng.PickleWrapper,io.cucumber.testng.FeatureWrapper)[pri:0, instance:org.example.TestRunner.Runners@491cc5c9]" name="runScenario" duration-ms="15911" started-at="2023-02-06T19:21:25 EET" description="Runs Cucumber Scenarios" data-provider="scenarios" finished-at="2023-02-06T19:21:41 EET">
          <params>
            <param index="0">
              <value>
                <![CDATA["Search using Product name"]]>
              </value>
            </param>
            <param index="1">
              <value>
                <![CDATA["Search | Search using product name and SKU"]]>
              </value>
            </param>
          </params>
          <exception class="java.lang.AssertionError">
            <message>
              <![CDATA[The following asserts failed:
expected [true] but found [false],
expected [true] but found [false]]]>
            </message>
            <full-stacktrace>
              <![CDATA[java.lang.AssertionError: The following asserts failed:
expected [true] but found [false],
expected [true] but found [false]
at org.testng.asserts.SoftAssert.assertAll(SoftAssert.java:46)
at org.testng.asserts.SoftAssert.assertAll(SoftAssert.java:30)
at org.example.StepsDefinitions.SearchStepDefinition.HasSearchWord(SearchStepDefinition.java:39)
at ✽.User find "book" relevant results(file:///C:/Users/DELL/IdeaProjects/DemoNopCommerce/src/main/resources/Features/Search.feature:7)
]]>
            </full-stacktrace>
          </exception> <!-- java.lang.AssertionError -->
          <reporter-output>
          </reporter-output>
        </test-method> <!-- runScenario -->
        <test-method status="PASS" signature="runScenario(io.cucumber.testng.PickleWrapper,io.cucumber.testng.FeatureWrapper)[pri:0, instance:org.example.TestRunner.Runners@491cc5c9]" name="runScenario" duration-ms="12951" started-at="2023-02-06T19:21:41 EET" description="Runs Cucumber Scenarios" data-provider="scenarios" finished-at="2023-02-06T19:21:54 EET">
          <params>
            <param index="0">
              <value>
                <![CDATA["Search using Product name"]]>
              </value>
            </param>
            <param index="1">
              <value>
                <![CDATA["Search | Search using product name and SKU"]]>
              </value>
            </param>
          </params>
          <reporter-output>
          </reporter-output>
        </test-method> <!-- runScenario -->
        <test-method status="PASS" signature="runScenario(io.cucumber.testng.PickleWrapper,io.cucumber.testng.FeatureWrapper)[pri:0, instance:org.example.TestRunner.Runners@491cc5c9]" name="runScenario" duration-ms="19942" started-at="2023-02-06T19:21:54 EET" description="Runs Cucumber Scenarios" data-provider="scenarios" finished-at="2023-02-06T19:22:14 EET">
          <params>
            <param index="0">
              <value>
                <![CDATA["Search using Product name"]]>
              </value>
            </param>
            <param index="1">
              <value>
                <![CDATA["Search | Search using product name and SKU"]]>
              </value>
            </param>
          </params>
          <reporter-output>
          </reporter-output>
        </test-method> <!-- runScenario -->
        <test-method status="PASS" signature="runScenario(io.cucumber.testng.PickleWrapper,io.cucumber.testng.FeatureWrapper)[pri:0, instance:org.example.TestRunner.Runners@491cc5c9]" name="runScenario" duration-ms="14578" started-at="2023-02-06T19:22:14 EET" description="Runs Cucumber Scenarios" data-provider="scenarios" finished-at="2023-02-06T19:22:29 EET">
          <params>
            <param index="0">
              <value>
                <![CDATA["Search using SKU"]]>
              </value>
            </param>
            <param index="1">
              <value>
                <![CDATA["Search | Search using product name and SKU"]]>
              </value>
            </param>
          </params>
          <reporter-output>
          </reporter-output>
        </test-method> <!-- runScenario -->
        <test-method status="PASS" signature="runScenario(io.cucumber.testng.PickleWrapper,io.cucumber.testng.FeatureWrapper)[pri:0, instance:org.example.TestRunner.Runners@491cc5c9]" name="runScenario" duration-ms="15053" started-at="2023-02-06T19:22:29 EET" description="Runs Cucumber Scenarios" data-provider="scenarios" finished-at="2023-02-06T19:22:44 EET">
          <params>
            <param index="0">
              <value>
                <![CDATA["Search using SKU"]]>
              </value>
            </param>
            <param index="1">
              <value>
                <![CDATA["Search | Search using product name and SKU"]]>
              </value>
            </param>
          </params>
          <reporter-output>
          </reporter-output>
        </test-method> <!-- runScenario -->
        <test-method status="PASS" signature="runScenario(io.cucumber.testng.PickleWrapper,io.cucumber.testng.FeatureWrapper)[pri:0, instance:org.example.TestRunner.Runners@491cc5c9]" name="runScenario" duration-ms="16100" started-at="2023-02-06T19:22:44 EET" description="Runs Cucumber Scenarios" data-provider="scenarios" finished-at="2023-02-06T19:23:00 EET">
          <params>
            <param index="0">
              <value>
                <![CDATA["Search using SKU"]]>
              </value>
            </param>
            <param index="1">
              <value>
                <![CDATA["Search | Search using product name and SKU"]]>
              </value>
            </param>
          </params>
          <reporter-output>
          </reporter-output>
        </test-method> <!-- runScenario -->
        <test-method status="PASS" signature="runScenario(io.cucumber.testng.PickleWrapper,io.cucumber.testng.FeatureWrapper)[pri:0, instance:org.example.TestRunner.Runners@491cc5c9]" name="runScenario" duration-ms="7087" started-at="2023-02-06T19:23:00 EET" description="Runs Cucumber Scenarios" data-provider="scenarios" finished-at="2023-02-06T19:23:07 EET">
          <params>
            <param index="0">
              <value>
                <![CDATA["User can click on wishlist button and success message appear"]]>
              </value>
            </param>
            <param index="1">
              <value>
                <![CDATA["WishList | User can click on wishlist successfully"]]>
              </value>
            </param>
          </params>
          <reporter-output>
          </reporter-output>
        </test-method> <!-- runScenario -->
        <test-method status="PASS" signature="runScenario(io.cucumber.testng.PickleWrapper,io.cucumber.testng.FeatureWrapper)[pri:0, instance:org.example.TestRunner.Runners@491cc5c9]" name="runScenario" duration-ms="31109" started-at="2023-02-06T19:23:07 EET" description="Runs Cucumber Scenarios" data-provider="scenarios" finished-at="2023-02-06T19:23:38 EET">
          <params>
            <param index="0">
              <value>
                <![CDATA["User can click on Wishlist Tab on the top of the page"]]>
              </value>
            </param>
            <param index="1">
              <value>
                <![CDATA["WishList | User can click on wishlist successfully"]]>
              </value>
            </param>
          </params>
          <reporter-output>
          </reporter-output>
        </test-method> <!-- runScenario -->
        <test-method status="FAIL" signature="runScenario(io.cucumber.testng.PickleWrapper,io.cucumber.testng.FeatureWrapper)[pri:0, instance:org.example.TestRunner.Runners@491cc5c9]" name="runScenario" duration-ms="21357" started-at="2023-02-06T19:23:38 EET" description="Runs Cucumber Scenarios" data-provider="scenarios" finished-at="2023-02-06T19:23:59 EET">
          <params>
            <param index="0">
              <value>
                <![CDATA["Check if the first slider is clickable on home page"]]>
              </value>
            </param>
            <param index="1">
              <value>
                <![CDATA["HomeSliders | Check if the two sliders are clickable"]]>
              </value>
            </param>
          </params>
          <exception class="org.openqa.selenium.TimeoutException">
            <message>
              <![CDATA[Expected condition failed: waiting for url to be "https://demo.nopcommerce.com/iphone-14-Pro". Current url: "https://demo.nopcommerce.com/" (tried for 10 second(s) with 500 milliseconds interval)
Build info: version: '4.8.0', revision: '267030adea'
System info: os.name: 'Windows 10', os.arch: 'amd64', os.version: '10.0', java.version: '1.8.0_342'
Driver info: org.openqa.selenium.chrome.ChromeDriver
Capabilities {acceptInsecureCerts: false, browserName: chrome, browserVersion: 109.0.5414.120, chrome: {chromedriverVersion: 109.0.5414.74 (e7c5703604da..., userDataDir: C:\Users\DELL\AppData\Local...}, goog:chromeOptions: {debuggerAddress: localhost:54489}, networkConnectionEnabled: false, pageLoadStrategy: normal, platformName: WINDOWS, proxy: Proxy(), se:cdp: ws://localhost:54489/devtoo..., se:cdpVersion: 109.0.5414.120, setWindowRect: true, strictFileInteractability: false, timeouts: {implicit: 0, pageLoad: 300000, script: 30000}, unhandledPromptBehavior: dismiss and notify, webauthn:extension:credBlob: true, webauthn:extension:largeBlob: true, webauthn:virtualAuthenticators: true}
Session ID: bd3a646eebe487bd4532c2b95e5a3973]]>
            </message>
            <full-stacktrace>
              <![CDATA[org.openqa.selenium.TimeoutException: Expected condition failed: waiting for url to be "https://demo.nopcommerce.com/iphone-14-Pro". Current url: "https://demo.nopcommerce.com/" (tried for 10 second(s) with 500 milliseconds interval)
Build info: version: '4.8.0', revision: '267030adea'
System info: os.name: 'Windows 10', os.arch: 'amd64', os.version: '10.0', java.version: '1.8.0_342'
Driver info: org.openqa.selenium.chrome.ChromeDriver
Capabilities {acceptInsecureCerts: false, browserName: chrome, browserVersion: 109.0.5414.120, chrome: {chromedriverVersion: 109.0.5414.74 (e7c5703604da..., userDataDir: C:\Users\DELL\AppData\Local...}, goog:chromeOptions: {debuggerAddress: localhost:54489}, networkConnectionEnabled: false, pageLoadStrategy: normal, platformName: WINDOWS, proxy: Proxy(), se:cdp: ws://localhost:54489/devtoo..., se:cdpVersion: 109.0.5414.120, setWindowRect: true, strictFileInteractability: false, timeouts: {implicit: 0, pageLoad: 300000, script: 30000}, unhandledPromptBehavior: dismiss and notify, webauthn:extension:credBlob: true, webauthn:extension:largeBlob: true, webauthn:virtualAuthenticators: true}
Session ID: bd3a646eebe487bd4532c2b95e5a3973
at org.openqa.selenium.support.ui.WebDriverWait.timeoutException(WebDriverWait.java:87)
at org.openqa.selenium.support.ui.FluentWait.until(FluentWait.java:231)
at org.example.Pages.HomePage.DirectToSlider1Page(HomePage.java:185)
at org.example.StepsDefinitions.homeSlidersStepDefintion.Current1Page(homeSlidersStepDefintion.java:18)
at ✽.verify it directs  user to Slider 1 page(file:///C:/Users/DELL/IdeaProjects/DemoNopCommerce/src/main/resources/Features/homeSliders.feature:5)
]]>
            </full-stacktrace>
          </exception> <!-- org.openqa.selenium.TimeoutException -->
          <reporter-output>
          </reporter-output>
        </test-method> <!-- runScenario -->
        <test-method status="FAIL" signature="runScenario(io.cucumber.testng.PickleWrapper,io.cucumber.testng.FeatureWrapper)[pri:0, instance:org.example.TestRunner.Runners@491cc5c9]" name="runScenario" duration-ms="20651" started-at="2023-02-06T19:23:59 EET" description="Runs Cucumber Scenarios" data-provider="scenarios" finished-at="2023-02-06T19:24:20 EET">
          <params>
            <param index="0">
              <value>
                <![CDATA["Check if the second slider is clickable on home page"]]>
              </value>
            </param>
            <param index="1">
              <value>
                <![CDATA["HomeSliders | Check if the two sliders are clickable"]]>
              </value>
            </param>
          </params>
          <exception class="org.openqa.selenium.TimeoutException">
            <message>
              <![CDATA[Expected condition failed: waiting for url to be "https://demo.nopcommerce.com/Galaxy-S22-Ultra". Current url: "https://demo.nopcommerce.com/" (tried for 10 second(s) with 500 milliseconds interval)
Build info: version: '4.8.0', revision: '267030adea'
System info: os.name: 'Windows 10', os.arch: 'amd64', os.version: '10.0', java.version: '1.8.0_342'
Driver info: org.openqa.selenium.chrome.ChromeDriver
Capabilities {acceptInsecureCerts: false, browserName: chrome, browserVersion: 109.0.5414.120, chrome: {chromedriverVersion: 109.0.5414.74 (e7c5703604da..., userDataDir: C:\Users\DELL\AppData\Local...}, goog:chromeOptions: {debuggerAddress: localhost:54516}, networkConnectionEnabled: false, pageLoadStrategy: normal, platformName: WINDOWS, proxy: Proxy(), se:cdp: ws://localhost:54516/devtoo..., se:cdpVersion: 109.0.5414.120, setWindowRect: true, strictFileInteractability: false, timeouts: {implicit: 0, pageLoad: 300000, script: 30000}, unhandledPromptBehavior: dismiss and notify, webauthn:extension:credBlob: true, webauthn:extension:largeBlob: true, webauthn:virtualAuthenticators: true}
Session ID: ea5fee54835cfdb273d25491255642ed]]>
            </message>
            <full-stacktrace>
              <![CDATA[org.openqa.selenium.TimeoutException: Expected condition failed: waiting for url to be "https://demo.nopcommerce.com/Galaxy-S22-Ultra". Current url: "https://demo.nopcommerce.com/" (tried for 10 second(s) with 500 milliseconds interval)
Build info: version: '4.8.0', revision: '267030adea'
System info: os.name: 'Windows 10', os.arch: 'amd64', os.version: '10.0', java.version: '1.8.0_342'
Driver info: org.openqa.selenium.chrome.ChromeDriver
Capabilities {acceptInsecureCerts: false, browserName: chrome, browserVersion: 109.0.5414.120, chrome: {chromedriverVersion: 109.0.5414.74 (e7c5703604da..., userDataDir: C:\Users\DELL\AppData\Local...}, goog:chromeOptions: {debuggerAddress: localhost:54516}, networkConnectionEnabled: false, pageLoadStrategy: normal, platformName: WINDOWS, proxy: Proxy(), se:cdp: ws://localhost:54516/devtoo..., se:cdpVersion: 109.0.5414.120, setWindowRect: true, strictFileInteractability: false, timeouts: {implicit: 0, pageLoad: 300000, script: 30000}, unhandledPromptBehavior: dismiss and notify, webauthn:extension:credBlob: true, webauthn:extension:largeBlob: true, webauthn:virtualAuthenticators: true}
Session ID: ea5fee54835cfdb273d25491255642ed
at org.openqa.selenium.support.ui.WebDriverWait.timeoutException(WebDriverWait.java:87)
at org.openqa.selenium.support.ui.FluentWait.until(FluentWait.java:231)
at org.example.Pages.HomePage.DirectToSlider2Page(HomePage.java:202)
at org.example.StepsDefinitions.homeSlidersStepDefintion.Current2ndPage(homeSlidersStepDefintion.java:28)
at ✽.verify it directs user to 2nd Slider Page(file:///C:/Users/DELL/IdeaProjects/DemoNopCommerce/src/main/resources/Features/homeSliders.feature:9)
]]>
            </full-stacktrace>
          </exception> <!-- org.openqa.selenium.TimeoutException -->
          <reporter-output>
          </reporter-output>
        </test-method> <!-- runScenario -->
        <test-method status="PASS" signature="runScenario(io.cucumber.testng.PickleWrapper,io.cucumber.testng.FeatureWrapper)[pri:0, instance:org.example.TestRunner.Runners@491cc5c9]" name="runScenario" duration-ms="8374" started-at="2023-02-06T19:24:20 EET" description="Runs Cucumber Scenarios" data-provider="scenarios" finished-at="2023-02-06T19:24:28 EET">
          <params>
            <param index="0">
              <value>
                <![CDATA["User hover on random one of main categories then click on random one of its sub category"]]>
              </value>
            </param>
            <param index="1">
              <value>
                <![CDATA["HoverCategoires | User hover on one of main categories then click on sub category"]]>
              </value>
            </param>
          </params>
          <reporter-output>
          </reporter-output>
        </test-method> <!-- runScenario -->
        <test-method status="PASS" signature="tearDownClass()[pri:0, instance:org.example.TestRunner.Runners@491cc5c9]" name="tearDownClass" is-config="true" duration-ms="406" started-at="2023-02-06T19:24:28 EET" finished-at="2023-02-06T19:24:29 EET">
          <reporter-output>
          </reporter-output>
        </test-method> <!-- tearDownClass -->
      </class> <!-- org.example.TestRunner.Runners -->
    </test> <!-- Surefire test -->
  </suite> <!-- Surefire suite -->
</testng-results>
