<?xml version="1.0" encoding="UTF-8" standalone="no"?>
<testsuite errors="0" failures="5" name="io.cucumber.core.plugin.JUnitFormatter" skipped="0" tests="19" time="443.446">
<testcase classname="Currencies | verify Euro Symbol (€) is shown on the 4 products displayed in Home page" name="verify Euro Symbol (€) is shown on the 4 products displayed in Home page" time="11.019">
<system-out><![CDATA[Given User goes to homepage.................................................passed
When User Selects Euro Currency.............................................passed
Then Check that  Euro Symbol  is shown on the 4 products displayed in Home page.passed
]]></system-out>
</testcase>
<testcase classname="FollowUs | users could open followUs links" name="user opens facebook link" time="12.898">
<system-out><![CDATA[When user clicks facebook link..............................................passed
Then verify that current url is equal to "https://www.facebook.com/nopCommerce".passed
]]></system-out>
</testcase>
<testcase classname="FollowUs | users could open followUs links" name="user opens twitter link" time="13.999">
<system-out><![CDATA[When user clicks twitter link...............................................passed
Then Verify that current url is equal to "https://twitter.com/nopCommerce"..passed
]]></system-out>
</testcase>
<testcase classname="FollowUs | users could open followUs links" name="user opens rss link" time="7.248">
<failure message="expected [https://demo.nopcommerce.com/new-online-store-is-open] but found [null]" type="java.lang.AssertionError"><![CDATA[When user clicks rss link...................................................passed
Then Verify That current url is equal to "https://demo.nopcommerce.com/new-online-store-is-open".failed

StackTrace:
java.lang.AssertionError: expected [https://demo.nopcommerce.com/new-online-store-is-open] but found [null]
	at org.testng.Assert.fail(Assert.java:110)
	at org.testng.Assert.failNotEquals(Assert.java:1413)
	at org.testng.Assert.assertEqualsImpl(Assert.java:149)
	at org.testng.Assert.assertEquals(Assert.java:131)
	at org.testng.Assert.assertEquals(Assert.java:655)
	at org.testng.Assert.assertEquals(Assert.java:665)
	at org.example.StepsDefinitions.FollowUsStepDefintion.RSSPage(FollowUsStepDefintion.java:46)
	at ✽.Verify That current url is equal to "https://demo.nopcommerce.com/new-online-store-is-open"(file:///C:/Users/DELL/IdeaProjects/DemoNopCommerce/src/main/resources/Features/FollowUs.feature:13)
]]></failure>
</testcase>
<testcase classname="FollowUs | users could open followUs links" name="user opens youtube link" time="14.215">
<system-out><![CDATA[When user click youtube link................................................passed
Then Verify That Current url is equal to "https://www.youtube.com/user/nopCommerce".passed
]]></system-out>
</testcase>
<testcase classname="Login | User could use login functionality to use his account" name="User logins in with valid email and valid password" time="7.816">
<system-out><![CDATA[Given User goes to login page...............................................passed
When User Enters "test13@example.com".......................................passed
And user Enters "P@ssw0rd"..................................................passed
And User Clicks on Login button.............................................passed
Then User Logins to the system successfully.................................passed
]]></system-out>
</testcase>
<testcase classname="Login | User could use login functionality to use his account" name="User Logins with invalid email and password" time="8.137">
<system-out><![CDATA[Given User goes to login page...............................................passed
When User enters "Wrong@example.com"........................................passed
And user Enters "P@ssw0rd"..................................................passed
And User Clicks on Login button.............................................passed
Then User could not login in to the system..................................passed
]]></system-out>
</testcase>
<testcase classname="Register | Users could register with new accounts" name="User could register with valid data successfully" time="9.617">
<system-out><![CDATA[Given User go to register page..............................................passed
When user select gender type................................................passed
And User enter "automation".................................................passed
And user enter "tester".....................................................passed
And user enter Date.........................................................passed
And user enter month........................................................passed
And user enter year.........................................................passed
And User enters valid "test14@example.com"..................................passed
And User fills "P@ssw0rd"...................................................passed
And user fills "P@ssw0rd"...................................................passed
And User clicks on register button..........................................passed
Then success message is displayed...........................................passed
]]></system-out>
</testcase>
<testcase classname="Search | Search using product name and SKU" name="Search using Product name" time="13.22">
<failure message="The following asserts failed:&#10;&#9;expected [true] but found [false],&#10;&#9;expected [true] but found [false]" type="java.lang.AssertionError"><![CDATA[When User search with "book"................................................passed
And user clicks search button and in the search page........................passed
Then User find "book" relevant results......................................failed

StackTrace:
java.lang.AssertionError: The following asserts failed:
	expected [true] but found [false],
	expected [true] but found [false]
	at org.testng.asserts.SoftAssert.assertAll(SoftAssert.java:46)
	at org.testng.asserts.SoftAssert.assertAll(SoftAssert.java:30)
	at org.example.StepsDefinitions.SearchStepDefinition.HasSearchWord(SearchStepDefinition.java:39)
	at ✽.User find "book" relevant results(file:///C:/Users/DELL/IdeaProjects/DemoNopCommerce/src/main/resources/Features/Search.feature:7)
]]></failure>
</testcase>
<testcase classname="Search | Search using product name and SKU" name="Search using Product name 2" time="13.393">
<system-out><![CDATA[When User search with "laptop"..............................................passed
And user clicks search button and in the search page........................passed
Then User find "laptop" relevant results....................................passed
]]></system-out>
</testcase>
<testcase classname="Search | Search using product name and SKU" name="Search using Product name 3" time="12.462">
<system-out><![CDATA[When User search with "nike"................................................passed
And user clicks search button and in the search page........................passed
Then User find "nike" relevant results......................................passed
]]></system-out>
</testcase>
<testcase classname="Search | Search using product name and SKU" name="Search using SKU" time="16.63">
<system-out><![CDATA[When user search with "SCI_FAITH"...........................................passed
And user clicks search button and in the search page........................passed
And click on the product in search result...................................passed
Then User find "SCI_FAITH" inside product detail page.......................passed
]]></system-out>
</testcase>
<testcase classname="Search | Search using product name and SKU" name="Search using SKU 2" time="193.71">
<failure message="java.util.concurrent.TimeoutException&#10;Build info: version: '4.8.0', revision: '267030adea'&#10;System info: os.name: 'Windows 10', os.arch: 'amd64', os.version: '10.0', java.version: '1.8.0_342'&#10;Driver info: org.openqa.selenium.chrome.ChromeDriver&#10;Command: [21b80274d6e6c51a7ded59d0fa05f7fe, clickElement {id=bbfe8d75-6dc0-43a4-ad51-d1e7bbb874bb}]&#10;Capabilities {acceptInsecureCerts: false, browserName: chrome, browserVersion: 109.0.5414.120, chrome: {chromedriverVersion: 109.0.5414.74 (e7c5703604da..., userDataDir: C:\Users\DELL\AppData\Local...}, goog:chromeOptions: {debuggerAddress: localhost:55073}, networkConnectionEnabled: false, pageLoadStrategy: normal, platformName: WINDOWS, proxy: Proxy(), se:cdp: ws://localhost:55073/devtoo..., se:cdpVersion: 109.0.5414.120, setWindowRect: true, strictFileInteractability: false, timeouts: {implicit: 0, pageLoad: 300000, script: 30000}, unhandledPromptBehavior: dismiss and notify, webauthn:extension:credBlob: true, webauthn:extension:largeBlob: true, webauthn:virtualAuthenticators: true}&#10;Element: [[ChromeDriver: chrome on WINDOWS (21b80274d6e6c51a7ded59d0fa05f7fe)] -&gt; class name: product-item]&#10;Session ID: 21b80274d6e6c51a7ded59d0fa05f7fe" type="org.openqa.selenium.TimeoutException"><![CDATA[When user search with "APPLE_CAM"...........................................passed
And user clicks search button and in the search page........................passed
And click on the product in search result...................................failed
Then User find "APPLE_CAM" inside product detail page.......................skipped

StackTrace:
org.openqa.selenium.TimeoutException: java.util.concurrent.TimeoutException
Build info: version: '4.8.0', revision: '267030adea'
System info: os.name: 'Windows 10', os.arch: 'amd64', os.version: '10.0', java.version: '1.8.0_342'
Driver info: org.openqa.selenium.chrome.ChromeDriver
Command: [21b80274d6e6c51a7ded59d0fa05f7fe, clickElement {id=bbfe8d75-6dc0-43a4-ad51-d1e7bbb874bb}]
Capabilities {acceptInsecureCerts: false, browserName: chrome, browserVersion: 109.0.5414.120, chrome: {chromedriverVersion: 109.0.5414.74 (e7c5703604da..., userDataDir: C:\Users\DELL\AppData\Local...}, goog:chromeOptions: {debuggerAddress: localhost:55073}, networkConnectionEnabled: false, pageLoadStrategy: normal, platformName: WINDOWS, proxy: Proxy(), se:cdp: ws://localhost:55073/devtoo..., se:cdpVersion: 109.0.5414.120, setWindowRect: true, strictFileInteractability: false, timeouts: {implicit: 0, pageLoad: 300000, script: 30000}, unhandledPromptBehavior: dismiss and notify, webauthn:extension:credBlob: true, webauthn:extension:largeBlob: true, webauthn:virtualAuthenticators: true}
Element: [[ChromeDriver: chrome on WINDOWS (21b80274d6e6c51a7ded59d0fa05f7fe)] -> class name: product-item]
Session ID: 21b80274d6e6c51a7ded59d0fa05f7fe
	at org.openqa.selenium.remote.http.netty.NettyHttpHandler.makeCall(NettyHttpHandler.java:65)
	at org.openqa.selenium.remote.http.AddSeleniumUserAgent.lambda$apply$0(AddSeleniumUserAgent.java:42)
	at org.openqa.selenium.remote.http.Filter.lambda$andFinally$1(Filter.java:56)
	at org.openqa.selenium.remote.http.netty.NettyHttpHandler.execute(NettyHttpHandler.java:49)
	at org.openqa.selenium.remote.http.AddSeleniumUserAgent.lambda$apply$0(AddSeleniumUserAgent.java:42)
	at org.openqa.selenium.remote.http.Filter.lambda$andFinally$1(Filter.java:56)
	at org.openqa.selenium.remote.http.netty.NettyClient.execute(NettyClient.java:99)
	at org.openqa.selenium.remote.HttpCommandExecutor.execute(HttpCommandExecutor.java:181)
	at org.openqa.selenium.remote.service.DriverCommandExecutor.invokeExecute(DriverCommandExecutor.java:167)
	at org.openqa.selenium.remote.service.DriverCommandExecutor.execute(DriverCommandExecutor.java:142)
	at org.openqa.selenium.remote.RemoteWebDriver.execute(RemoteWebDriver.java:543)
	at org.openqa.selenium.remote.RemoteWebElement.execute(RemoteWebElement.java:257)
	at org.openqa.selenium.remote.RemoteWebElement.click(RemoteWebElement.java:78)
	at org.example.Pages.HomePage.ClickontheproductforSKU(HomePage.java:67)
	at org.example.StepsDefinitions.SearchStepDefinition.clickontheprdouctforSKU(SearchStepDefinition.java:59)
	at ✽.click on the product in search result(file:///C:/Users/DELL/IdeaProjects/DemoNopCommerce/src/main/resources/Features/Search.feature:18)
Caused by: java.util.concurrent.TimeoutException
	at java.util.concurrent.CompletableFuture.timedGet(CompletableFuture.java:1784)
	at java.util.concurrent.CompletableFuture.get(CompletableFuture.java:1928)
	at org.asynchttpclient.netty.NettyResponseFuture.get(NettyResponseFuture.java:206)
	at org.openqa.selenium.remote.http.netty.NettyHttpHandler.makeCall(NettyHttpHandler.java:59)
	at org.openqa.selenium.remote.http.AddSeleniumUserAgent.lambda$apply$0(AddSeleniumUserAgent.java:42)
	at org.openqa.selenium.remote.http.Filter.lambda$andFinally$1(Filter.java:56)
	at org.openqa.selenium.remote.http.netty.NettyHttpHandler.execute(NettyHttpHandler.java:49)
	at org.openqa.selenium.remote.http.AddSeleniumUserAgent.lambda$apply$0(AddSeleniumUserAgent.java:42)
	at org.openqa.selenium.remote.http.Filter.lambda$andFinally$1(Filter.java:56)
	at org.openqa.selenium.remote.http.netty.NettyClient.execute(NettyClient.java:99)
	at org.openqa.selenium.remote.HttpCommandExecutor.execute(HttpCommandExecutor.java:181)
	at org.openqa.selenium.remote.service.DriverCommandExecutor.invokeExecute(DriverCommandExecutor.java:167)
	at org.openqa.selenium.remote.service.DriverCommandExecutor.execute(DriverCommandExecutor.java:142)
	at org.openqa.selenium.remote.RemoteWebDriver.execute(RemoteWebDriver.java:543)
	at org.openqa.selenium.remote.RemoteWebElement.execute(RemoteWebElement.java:257)
	at org.openqa.selenium.remote.RemoteWebElement.click(RemoteWebElement.java:78)
	at org.example.Pages.HomePage.ClickontheproductforSKU(HomePage.java:67)
	at org.example.StepsDefinitions.SearchStepDefinition.clickontheprdouctforSKU(SearchStepDefinition.java:59)
	at sun.reflect.NativeMethodAccessorImpl.invoke0(Native Method)
	at sun.reflect.NativeMethodAccessorImpl.invoke(NativeMethodAccessorImpl.java:62)
	at sun.reflect.DelegatingMethodAccessorImpl.invoke(DelegatingMethodAccessorImpl.java:43)
	at java.lang.reflect.Method.invoke(Method.java:498)
	at io.cucumber.java.Invoker.doInvoke(Invoker.java:66)
	at io.cucumber.java.Invoker.invoke(Invoker.java:24)
	at io.cucumber.java.AbstractGlueDefinition.invokeMethod(AbstractGlueDefinition.java:47)
	at io.cucumber.java.JavaStepDefinition.execute(JavaStepDefinition.java:29)
	at io.cucumber.core.runner.CoreStepDefinition.execute(CoreStepDefinition.java:66)
	at io.cucumber.core.runner.PickleStepDefinitionMatch.runStep(PickleStepDefinitionMatch.java:63)
	at io.cucumber.core.runner.ExecutionMode$1.execute(ExecutionMode.java:10)
	at io.cucumber.core.runner.TestStep.executeStep(TestStep.java:85)
	at io.cucumber.core.runner.TestStep.run(TestStep.java:57)
	at io.cucumber.core.runner.PickleStepTestStep.run(PickleStepTestStep.java:51)
	at io.cucumber.core.runner.TestCase.run(TestCase.java:84)
	at io.cucumber.core.runner.Runner.runPickle(Runner.java:75)
	at io.cucumber.testng.TestNGCucumberRunner.lambda$runScenario$1(TestNGCucumberRunner.java:132)
	at io.cucumber.core.runtime.CucumberExecutionContext.lambda$runTestCase$5(CucumberExecutionContext.java:129)
	at io.cucumber.core.runtime.RethrowingThrowableCollector.executeAndThrow(RethrowingThrowableCollector.java:23)
	at io.cucumber.core.runtime.CucumberExecutionContext.runTestCase(CucumberExecutionContext.java:129)
	at io.cucumber.testng.TestNGCucumberRunner.runScenario(TestNGCucumberRunner.java:129)
	at io.cucumber.testng.AbstractTestNGCucumberTests.runScenario(AbstractTestNGCucumberTests.java:35)
	at sun.reflect.NativeMethodAccessorImpl.invoke0(Native Method)
	at sun.reflect.NativeMethodAccessorImpl.invoke(NativeMethodAccessorImpl.java:62)
	at sun.reflect.DelegatingMethodAccessorImpl.invoke(DelegatingMethodAccessorImpl.java:43)
	at java.lang.reflect.Method.invoke(Method.java:498)
	at org.testng.internal.invokers.MethodInvocationHelper.invokeMethod(MethodInvocationHelper.java:135)
	at org.testng.internal.invokers.TestInvoker.invokeMethod(TestInvoker.java:673)
	at org.testng.internal.invokers.TestInvoker.invokeTestMethod(TestInvoker.java:220)
	at org.testng.internal.invokers.MethodRunner.runInSequence(MethodRunner.java:50)
	at org.testng.internal.invokers.TestInvoker$MethodInvocationAgent.invoke(TestInvoker.java:945)
	at org.testng.internal.invokers.TestInvoker.invokeTestMethods(TestInvoker.java:193)
	at org.testng.internal.invokers.TestMethodWorker.invokeTestMethods(TestMethodWorker.java:146)
	at org.testng.internal.invokers.TestMethodWorker.run(TestMethodWorker.java:128)
	at java.util.ArrayList.forEach(ArrayList.java:1259)
	at org.testng.TestRunner.privateRun(TestRunner.java:808)
	at org.testng.TestRunner.run(TestRunner.java:603)
	at org.testng.SuiteRunner.runTest(SuiteRunner.java:429)
	at org.testng.SuiteRunner.runSequentially(SuiteRunner.java:423)
	at org.testng.SuiteRunner.privateRun(SuiteRunner.java:383)
	at org.testng.SuiteRunner.run(SuiteRunner.java:326)
	at org.testng.SuiteRunnerWorker.runSuite(SuiteRunnerWorker.java:52)
	at org.testng.SuiteRunnerWorker.run(SuiteRunnerWorker.java:95)
	at org.testng.TestNG.runSuitesSequentially(TestNG.java:1249)
	at org.testng.TestNG.runSuitesLocally(TestNG.java:1169)
	at org.testng.TestNG.runSuites(TestNG.java:1092)
	at org.testng.TestNG.run(TestNG.java:1060)
	at com.intellij.rt.testng.IDEARemoteTestNG.run(IDEARemoteTestNG.java:66)
	at com.intellij.rt.testng.RemoteTestNGStarter.main(RemoteTestNGStarter.java:109)
]]></failure>
</testcase>
<testcase classname="Search | Search using product name and SKU" name="Search using SKU 3" time="15.758">
<system-out><![CDATA[When user search with "SF_PRO_11"...........................................passed
And user clicks search button and in the search page........................passed
And click on the product in search result...................................passed
Then User find "SF_PRO_11" inside product detail page.......................passed
]]></system-out>
</testcase>
<testcase classname="WishList | User can click on wishlist successfully" name="User can click on wishlist button and success message appear" time="8.74">
<system-out><![CDATA[When User click on wishlist button..........................................passed
Then User see success message...............................................passed
And user see background color green.........................................passed
]]></system-out>
</testcase>
<testcase classname="WishList | User can click on wishlist successfully" name="User can click on Wishlist Tab on the top of the page" time="24.663">
<system-out><![CDATA[When User click on wishlist button..........................................passed
And User click on wishlist tab..............................................passed
Then Verify Qty value is bigger than 0......................................passed
]]></system-out>
</testcase>
<testcase classname="HomeSliders | Check if the two sliders are clickable" name="Check if the first slider is clickable on home page" time="21.724">
<failure message="Expected condition failed: waiting for url to be &quot;https://demo.nopcommerce.com/iphone-14-Pro&quot;. Current url: &quot;https://demo.nopcommerce.com/&quot; (tried for 10 second(s) with 500 milliseconds interval)&#10;Build info: version: '4.8.0', revision: '267030adea'&#10;System info: os.name: 'Windows 10', os.arch: 'amd64', os.version: '10.0', java.version: '1.8.0_342'&#10;Driver info: org.openqa.selenium.chrome.ChromeDriver&#10;Capabilities {acceptInsecureCerts: false, browserName: chrome, browserVersion: 109.0.5414.120, chrome: {chromedriverVersion: 109.0.5414.74 (e7c5703604da..., userDataDir: C:\Users\DELL\AppData\Local...}, goog:chromeOptions: {debuggerAddress: localhost:55273}, networkConnectionEnabled: false, pageLoadStrategy: normal, platformName: WINDOWS, proxy: Proxy(), se:cdp: ws://localhost:55273/devtoo..., se:cdpVersion: 109.0.5414.120, setWindowRect: true, strictFileInteractability: false, timeouts: {implicit: 0, pageLoad: 300000, script: 30000}, unhandledPromptBehavior: dismiss and notify, webauthn:extension:credBlob: true, webauthn:extension:largeBlob: true, webauthn:virtualAuthenticators: true}&#10;Session ID: a7f9ee026678a8d65257fa365e956770" type="org.openqa.selenium.TimeoutException"><![CDATA[When user click on first slider.............................................passed
Then verify it directs  user to Slider 1 page...............................failed

StackTrace:
org.openqa.selenium.TimeoutException: Expected condition failed: waiting for url to be "https://demo.nopcommerce.com/iphone-14-Pro". Current url: "https://demo.nopcommerce.com/" (tried for 10 second(s) with 500 milliseconds interval)
Build info: version: '4.8.0', revision: '267030adea'
System info: os.name: 'Windows 10', os.arch: 'amd64', os.version: '10.0', java.version: '1.8.0_342'
Driver info: org.openqa.selenium.chrome.ChromeDriver
Capabilities {acceptInsecureCerts: false, browserName: chrome, browserVersion: 109.0.5414.120, chrome: {chromedriverVersion: 109.0.5414.74 (e7c5703604da..., userDataDir: C:\Users\DELL\AppData\Local...}, goog:chromeOptions: {debuggerAddress: localhost:55273}, networkConnectionEnabled: false, pageLoadStrategy: normal, platformName: WINDOWS, proxy: Proxy(), se:cdp: ws://localhost:55273/devtoo..., se:cdpVersion: 109.0.5414.120, setWindowRect: true, strictFileInteractability: false, timeouts: {implicit: 0, pageLoad: 300000, script: 30000}, unhandledPromptBehavior: dismiss and notify, webauthn:extension:credBlob: true, webauthn:extension:largeBlob: true, webauthn:virtualAuthenticators: true}
Session ID: a7f9ee026678a8d65257fa365e956770
	at org.openqa.selenium.support.ui.WebDriverWait.timeoutException(WebDriverWait.java:87)
	at org.openqa.selenium.support.ui.FluentWait.until(FluentWait.java:231)
	at org.example.Pages.HomePage.DirectToSlider1Page(HomePage.java:185)
	at org.example.StepsDefinitions.homeSlidersStepDefintion.Current1Page(homeSlidersStepDefintion.java:18)
	at ✽.verify it directs  user to Slider 1 page(file:///C:/Users/DELL/IdeaProjects/DemoNopCommerce/src/main/resources/Features/homeSliders.feature:5)
]]></failure>
</testcase>
<testcase classname="HomeSliders | Check if the two sliders are clickable" name="Check if the second slider is clickable on home page" time="22.892">
<failure message="Expected condition failed: waiting for url to be &quot;https://demo.nopcommerce.com/Galaxy-S22-Ultra&quot;. Current url: &quot;https://demo.nopcommerce.com/&quot; (tried for 10 second(s) with 500 milliseconds interval)&#10;Build info: version: '4.8.0', revision: '267030adea'&#10;System info: os.name: 'Windows 10', os.arch: 'amd64', os.version: '10.0', java.version: '1.8.0_342'&#10;Driver info: org.openqa.selenium.chrome.ChromeDriver&#10;Capabilities {acceptInsecureCerts: false, browserName: chrome, browserVersion: 109.0.5414.120, chrome: {chromedriverVersion: 109.0.5414.74 (e7c5703604da..., userDataDir: C:\Users\DELL\AppData\Local...}, goog:chromeOptions: {debuggerAddress: localhost:55302}, networkConnectionEnabled: false, pageLoadStrategy: normal, platformName: WINDOWS, proxy: Proxy(), se:cdp: ws://localhost:55302/devtoo..., se:cdpVersion: 109.0.5414.120, setWindowRect: true, strictFileInteractability: false, timeouts: {implicit: 0, pageLoad: 300000, script: 30000}, unhandledPromptBehavior: dismiss and notify, webauthn:extension:credBlob: true, webauthn:extension:largeBlob: true, webauthn:virtualAuthenticators: true}&#10;Session ID: 28c73f1ded1e0be105a06b6fb66c6078" type="org.openqa.selenium.TimeoutException"><![CDATA[When user clicks on second slider...........................................passed
Then verify it directs user to 2nd Slider Page..............................failed

StackTrace:
org.openqa.selenium.TimeoutException: Expected condition failed: waiting for url to be "https://demo.nopcommerce.com/Galaxy-S22-Ultra". Current url: "https://demo.nopcommerce.com/" (tried for 10 second(s) with 500 milliseconds interval)
Build info: version: '4.8.0', revision: '267030adea'
System info: os.name: 'Windows 10', os.arch: 'amd64', os.version: '10.0', java.version: '1.8.0_342'
Driver info: org.openqa.selenium.chrome.ChromeDriver
Capabilities {acceptInsecureCerts: false, browserName: chrome, browserVersion: 109.0.5414.120, chrome: {chromedriverVersion: 109.0.5414.74 (e7c5703604da..., userDataDir: C:\Users\DELL\AppData\Local...}, goog:chromeOptions: {debuggerAddress: localhost:55302}, networkConnectionEnabled: false, pageLoadStrategy: normal, platformName: WINDOWS, proxy: Proxy(), se:cdp: ws://localhost:55302/devtoo..., se:cdpVersion: 109.0.5414.120, setWindowRect: true, strictFileInteractability: false, timeouts: {implicit: 0, pageLoad: 300000, script: 30000}, unhandledPromptBehavior: dismiss and notify, webauthn:extension:credBlob: true, webauthn:extension:largeBlob: true, webauthn:virtualAuthenticators: true}
Session ID: 28c73f1ded1e0be105a06b6fb66c6078
	at org.openqa.selenium.support.ui.WebDriverWait.timeoutException(WebDriverWait.java:87)
	at org.openqa.selenium.support.ui.FluentWait.until(FluentWait.java:231)
	at org.example.Pages.HomePage.DirectToSlider2Page(HomePage.java:202)
	at org.example.StepsDefinitions.homeSlidersStepDefintion.Current2ndPage(homeSlidersStepDefintion.java:28)
	at ✽.verify it directs user to 2nd Slider Page(file:///C:/Users/DELL/IdeaProjects/DemoNopCommerce/src/main/resources/Features/homeSliders.feature:9)
]]></failure>
</testcase>
<testcase classname="HoverCategoires | User hover on one of main categories then click on sub category" name="User hover on random one of main categories then click on random one of its sub category" time="14.13">
<system-out><![CDATA[When User hover on the random selected main category........................passed
And User select random one of the three sub cateogries......................passed
Then Check the Subcategory tile is equal or contains the one you get it while selecting random sub-category.passed
]]></system-out>
</testcase>
</testsuite>
